1                                                          The SAS System                          Friday, July  9, 2021 07:33:00 AM

NOTE: Copyright (c) 2016 by SAS Institute Inc., Cary, NC, USA. 
NOTE: SAS (r) Proprietary Software V.03.05 (TS5M0 MBCS3170) 
      Licensed to HSBC CRED DEC UK- PROD. PATCH/DEV, Site 70262168.
NOTE: This session is executing on the Linux 3.10.0-693.11.1.el7.x86_64 (LIN X64) platform.



NOTE: Analytical products:
      
      SAS/STAT 15.1

NOTE: Additional host information:

 Linux LIN X64 3.10.0-693.11.1.el7.x86_64 #1 SMP Mon Dec 4 23:52:40 UTC 2017 x86_64 CentOS Linux release 7.4.1708 (Core)  

NOTE: SAS initialization used:
      real time           0.10 seconds
      cpu time            0.04 seconds
      
1          /* Load var setting script */
2          %let curdir=%sysget(curdir);
3          %let file=/setvars.sas;
4          %include "&curdir.&file.";
WARNING: The argument to macro function %SYSGET is not defined as a system variable.
WARNING: The argument to macro function %SYSGET is not defined as a system variable.
WARNING: The argument to macro function %SYSGET is not defined as a system variable.
76         
77         /* Define library for storing dataset with performance data */
78         libname bigdisk "&bigdiskloc." FILELOCKWAIT=30;
NOTE: Libref BIGDISK was successfully assigned as follows: 
      Engine:        V9 
      Physical Name: /home/centos/perf-army/casperf_baseline-master
79         
80         /*Create empty perf stats table*/
81         data bigdisk.perfstats_mc;
82         	length runplatform $50 nworkers 8 coresw 8 ghzw 8 memw 8 qclass $25
83         	graph $50 query $35 reccount 8 concses 8 runtime 8;
84         	format rundate ddmmyy10.;
85         run;

NOTE: Variable runplatform is uninitialized.
NOTE: Variable nworkers is uninitialized.
NOTE: Variable coresw is uninitialized.
NOTE: Variable ghzw is uninitialized.
NOTE: Variable memw is uninitialized.
NOTE: Variable qclass is uninitialized.
NOTE: Variable graph is uninitialized.
NOTE: Variable query is uninitialized.
NOTE: Variable reccount is uninitialized.
NOTE: Variable concses is uninitialized.
NOTE: Variable runtime is uninitialized.
NOTE: Variable rundate is uninitialized.
NOTE: The data set BIGDISK.PERFSTATS_MC has 1 observations and 12 variables.
NOTE: DATA statement used (Total process time):
      real time           0.01 seconds
      cpu time            0.02 seconds
      

2                                                          The SAS System                          Friday, July  9, 2021 07:33:00 AM

NOTE: SAS Institute Inc., SAS Campus Drive, Cary, NC USA 27513-2414
NOTE: The SAS System used:
      real time           0.13 seconds
      cpu time            0.06 seconds
      
